#
# There is insufficient memory for the Java Runtime Environment to continue.
# Native memory allocation (malloc) failed to allocate 1048576 bytes for AllocateHeap
# Possible reasons:
#   The system is out of physical RAM or swap space
#   In 32 bit mode, the process size limit was hit
# Possible solutions:
#   Reduce memory load on the system
#   Increase physical memory or swap space
#   Check if swap backing store is full
#   Use 64 bit Java on a 64 bit OS
#   Decrease Java heap size (-Xmx/-Xms)
#   Decrease number of Java threads
#   Decrease Java thread stack sizes (-Xss)
#   Set larger code cache with -XX:ReservedCodeCacheSize=
# This output file may be truncated or incomplete.
#
#  Out of Memory Error (memory/allocation.inline.hpp:61), pid=49720, tid=0x000000000000663c
#
# JRE version:  (8.0) (build )
# Java VM: OpenJDK 64-Bit Server VM (25.71-b00 mixed mode windows-amd64 compressed oops)
# Failed to write core dump. Minidumps are not enabled by default on client versions of Windows
#

---------------  T H R E A D  ---------------

Current thread (0x0000000002bc2800):  JavaThread "Unknown thread" [_thread_in_vm, id=26172, stack(0x0000000002710000,0x0000000002810000)]

Stack: [0x0000000002710000,0x0000000002810000]
[error occurred during error reporting (printing stack bounds), id 0xc0000005]

Native frames: (J=compiled Java code, j=interpreted, Vv=VM code, C=native code)


---------------  P R O C E S S  ---------------

Java Threads: ( => current thread )

Other Threads:

=>0x0000000002bc2800 (exited) JavaThread "Unknown thread" [_thread_in_vm, id=26172, stack(0x0000000002710000,0x0000000002810000)]

VM state:not at safepoint (normal execution)

VM Mutex/Monitor currently owned by a thread: None

Heap:
 PSYoungGen      total 76288K, used 1310K [0x000000076ae00000, 0x0000000770300000, 0x00000007c0000000)
  eden space 65536K, 2% used [0x000000076ae00000,0x000000076af47af0,0x000000076ee00000)
  from space 10752K, 0% used [0x000000076f880000,0x000000076f880000,0x0000000770300000)
  to   space 10752K, 0% used [0x000000076ee00000,0x000000076ee00000,0x000000076f880000)
 ParOldGen       total 175104K, used 0K [0x00000006c0a00000, 0x00000006cb500000, 0x000000076ae00000)
  object space 175104K, 0% used [0x00000006c0a00000,0x00000006c0a00000,0x00000006cb500000)
 Metaspace       used 777K, capacity 4480K, committed 4480K, reserved 1056768K
  class space    used 74K, capacity 384K, committed 384K, reserved 1048576K

Card table byte_map: [0x0000000012080000,0x0000000012880000] byte_map_base: 0x000000000ea7b000

Marking Bits: (ParMarkBitMap*) 0x000000005b0cbe50
 Begin Bits: [0x00000000131e0000, 0x00000000171b8000)
 End Bits:   [0x00000000171b8000, 0x000000001b190000)

Polling page: 0x0000000000e80000

CodeCache: size=245760Kb used=328Kb max_used=328Kb free=245431Kb
 bounds [0x0000000002cc0000, 0x0000000002f30000, 0x0000000011cc0000]
 total_blobs=57 nmethods=0 adapters=38
 compilation: enabled

Compilation events (0 events):
No events

GC Heap History (0 events):
No events

Deoptimization events (0 events):
No events

Classes redefined (0 events):
No events

Internal exceptions (0 events):
No events

Events (10 events):
Event: 0.084 loading class java/lang/Short
Event: 0.084 loading class java/lang/Short done
Event: 0.084 loading class java/lang/Integer
Event: 0.084 loading class java/lang/Integer done
Event: 0.084 loading class java/lang/Long
Event: 0.084 loading class java/lang/Long done
Event: 0.085 loading class java/lang/NullPointerException
Event: 0.085 loading class java/lang/NullPointerException done
Event: 0.085 loading class java/lang/ArithmeticException
Event: 0.085 loading class java/lang/ArithmeticException done


Dynamic libraries:
0x00007ff60b3e0000 - 0x00007ff60b415000 	C:\Program Files\Unity\Hub\Editor\2019.1.14f1\Editor\Data\PlaybackEngines\AndroidPlayer\Tools\OpenJDK\Windows\bin\java.exe
0x00007ffdcfca0000 - 0x00007ffdcfe90000 	C:\WINDOWS\SYSTEM32\ntdll.dll
0x00007ffdcfad0000 - 0x00007ffdcfb82000 	C:\WINDOWS\System32\KERNEL32.DLL
0x00007ffdcd560000 - 0x00007ffdcd803000 	C:\WINDOWS\System32\KERNELBASE.dll
0x00007ffdce930000 - 0x00007ffdce9d3000 	C:\WINDOWS\System32\ADVAPI32.dll
0x00007ffdce710000 - 0x00007ffdce7ae000 	C:\WINDOWS\System32\msvcrt.dll
0x00007ffdcdd50000 - 0x00007ffdcdde7000 	C:\WINDOWS\System32\sechost.dll
0x00007ffdcf810000 - 0x00007ffdcf930000 	C:\WINDOWS\System32\RPCRT4.dll
0x00007ffdcf930000 - 0x00007ffdcfac4000 	C:\WINDOWS\System32\USER32.dll
0x00007ffdcd530000 - 0x00007ffdcd551000 	C:\WINDOWS\System32\win32u.dll
0x00007ffdcf7e0000 - 0x00007ffdcf806000 	C:\WINDOWS\System32\GDI32.dll
0x00007ffdcdbb0000 - 0x00007ffdcdd44000 	C:\WINDOWS\System32\gdi32full.dll
0x00007ffdcd890000 - 0x00007ffdcd92e000 	C:\WINDOWS\System32\msvcp_win.dll
0x00007ffdcdab0000 - 0x00007ffdcdbaa000 	C:\WINDOWS\System32\ucrtbase.dll
0x00007ffdc08b0000 - 0x00007ffdc0b35000 	C:\WINDOWS\WinSxS\amd64_microsoft.windows.common-controls_6595b64144ccf1df_6.0.18362.535_none_e6c3b34713100821\COMCTL32.dll
0x00007ffdcee80000 - 0x00007ffdcf1b6000 	C:\WINDOWS\System32\combase.dll
0x00007ffdcd810000 - 0x00007ffdcd890000 	C:\WINDOWS\System32\bcryptPrimitives.dll
0x00007ffdcf1e0000 - 0x00007ffdcf20e000 	C:\WINDOWS\System32\IMM32.DLL
0x000000005b150000 - 0x000000005b222000 	C:\Program Files\Unity\Hub\Editor\2019.1.14f1\Editor\Data\PlaybackEngines\AndroidPlayer\Tools\OpenJDK\Windows\jre\bin\msvcr100.dll
0x000000005a900000 - 0x000000005b149000 	C:\Program Files\Unity\Hub\Editor\2019.1.14f1\Editor\Data\PlaybackEngines\AndroidPlayer\Tools\OpenJDK\Windows\jre\bin\server\jvm.dll
0x00007ffdcf1c0000 - 0x00007ffdcf1c8000 	C:\WINDOWS\System32\PSAPI.DLL
0x00007ffdbb0f0000 - 0x00007ffdbb0f9000 	C:\WINDOWS\SYSTEM32\WSOCK32.dll
0x00007ffdc9020000 - 0x00007ffdc902a000 	C:\WINDOWS\SYSTEM32\VERSION.dll
0x00007ffdc4990000 - 0x00007ffdc49b4000 	C:\WINDOWS\SYSTEM32\WINMM.dll
0x00007ffdceac0000 - 0x00007ffdceb2f000 	C:\WINDOWS\System32\WS2_32.dll
0x00007ffdc4300000 - 0x00007ffdc432d000 	C:\WINDOWS\SYSTEM32\winmmbase.dll
0x00007ffdcda00000 - 0x00007ffdcda4a000 	C:\WINDOWS\System32\cfgmgr32.dll
0x00007ffdc7330000 - 0x00007ffdc733f000 	C:\Program Files\Unity\Hub\Editor\2019.1.14f1\Editor\Data\PlaybackEngines\AndroidPlayer\Tools\OpenJDK\Windows\jre\bin\verify.dll
0x00007ffdb4340000 - 0x00007ffdb4369000 	C:\Program Files\Unity\Hub\Editor\2019.1.14f1\Editor\Data\PlaybackEngines\AndroidPlayer\Tools\OpenJDK\Windows\jre\bin\java.dll
0x00007ffdc4b70000 - 0x00007ffdc4b86000 	C:\Program Files\Unity\Hub\Editor\2019.1.14f1\Editor\Data\PlaybackEngines\AndroidPlayer\Tools\OpenJDK\Windows\jre\bin\zip.dll

VM Arguments:
java_command: <unknown>
java_class_path (initial): .
Launcher Type: SUN_STANDARD

Environment Variables:
JAVA_HOME=C:\Program Files\Unity\Hub\Editor\2019.1.14f1\Editor\Data\PlaybackEngines\AndroidPlayer/Tools\OpenJDK\Windows
PATH=C:\Windows\system32;C:\Windows;C:\Windows\System32\Wbem;C:\Windows\System32\WindowsPowerShell\v1.0\;C:\Program Files\NVIDIA Corporation\NVIDIA NvDLISR;C:\WINDOWS\system32;C:\WINDOWS;C:\WINDOWS\System32\Wbem;C:\WINDOWS\System32\WindowsPowerShell\v1.0\;C:\Program Files (x86)\NVIDIA Corporation\PhysX\Common;C:\Program Files\dotnet\;C:\Program Files (x86)\Windows Kits\10\Windows Performance Toolkit\;C:\WINDOWS\System32\OpenSSH\;C:\Users\ljm47\AppData\Local\Microsoft\WindowsApps;C:\Program Files\Bandizip\;
USERNAME=ljm47
OS=Windows_NT
PROCESSOR_IDENTIFIER=Intel64 Family 6 Model 158 Stepping 9, GenuineIntel



---------------  S Y S T E M  ---------------

OS: Windows 10.0 , 64 bit Build 18362 (10.0.18362.329)

CPU:total 4 (initial active 4) (4 cores per cpu, 1 threads per core) family 6 model 158 stepping 9, cmov, cx8, fxsr, mmx, sse, sse2, sse3, ssse3, sse4.1, sse4.2, popcnt, avx, avx2, aes, clmul, erms, rtm, 3dnowpref, lzcnt, tsc, tscinvbit, bmi1, bmi2, adx

Memory: 4k page, physical 16735116k(6547876k free), swap 45974708k(5756k free)

vm_info: OpenJDK 64-Bit Server VM (25.71-b00) for windows-amd64 JRE (1.8.0-adoptopenjdk-_2018_05_19_00_59-b00), built on May 19 2018 01:02:12 by "jenkins" with MS VC++ 10.0 (VS2010)

time: Wed Jan 08 01:22:47 2020
elapsed time: 0 seconds (0d 0h 0m 0s)

